<?xml version="1.0" ?><testsuite name="com.example.weblab3.beans.SVGBeanTest" time="0.003" timestamp="2024-04-04T12:24:41" tests="3" failures="0" skipped="0" aborted="0"><properties>
[...]
</properties><testcase classname="com.example.weblab3.beans.SVGBeanTest" name="testSVGStringUpdatedAfterHit()" time="0.0"></testcase><testcase classname="com.example.weblab3.beans.SVGBeanTest" name="testSVGStringInitialized()" time="0.001"></testcase><testcase classname="com.example.weblab3.beans.SVGBeanTest" name="testSVGStringCanBeUpdated()" time="0.0"></testcase><system-out>&lt;svg id="graphSVG" xmlns:xlink="http://www.w3.org/1999/xlink" xmlns="http://www.w3.org/2000/svg" width="400" height="400"&gt;
      &lt;!-- Scopes --&gt;
      &lt;polygon class="figure" points="200,200 200,150 300,200" fill="#ADD8E6" /&gt;
      &lt;rect class="figure" x="200" y="200" width="100" height="50" fill="#ADD8E6" /&gt;
      &lt;circle class="figure" cx="200" cy="200" r="100" fill="#ADD8E6" mask="url(#mask)" /&gt;
      &lt;mask id="mask"&gt;
        &lt;rect x="0" y="0" width="200" height="200" fill="#FFFFFF" /&gt;
      &lt;/mask&gt;

      &lt;!-- X-axis --&gt;
      &lt;line x1="50" y1="200" x2="350" y2="200" stroke="#000000" stroke-width="2px" /&gt;

      &lt;!-- Y-axis --&gt;
      &lt;line x1="200" y1="50" x2="200" y2="350" stroke="#000000" stroke-width="2px" /&gt;

      &lt;!-- X-axis arrow --&gt;
      &lt;polygon points="350,200 340,190 340,210" fill="black" /&gt;

      &lt;!-- Y-axis arrow --&gt;
      &lt;polygon points="200,50 190,60 210,60" fill="black" /&gt;

      &lt;!-- X-axis labels --&gt;
      &lt;circle cx="100" cy="200" r="3" fill="black" /&gt;

      &lt;text x="100" y="220" text-anchor="middle" class="r-minus-label"&gt; -R &lt;/text&gt;

      &lt;circle cx="150" cy="200" r="3" fill="black" /&gt;
      &lt;text x="150" y="220" text-anchor="middle" class="r-half-minus-label"&gt; -R/2 &lt;/text&gt;

      &lt;circle cx="250" cy="200" r="3" fill="black" /&gt;
      &lt;text x="250" y="220" text-anchor="middle" class="r-half-label"&gt; R/2 &lt;/text&gt;

      &lt;circle cx="300" cy="200" r="3" fill="black" /&gt;
      &lt;text x="300" y="220" text-anchor="middle" class="r-label"&gt; R &lt;/text&gt;

      &lt;text x="344" y="230" text-anchor="middle"&gt;X&lt;/text&gt;

      &lt;!-- Y-axis labels --&gt;
      &lt;circle cx="200" cy="100" r="3" fill="black" /&gt;
      &lt;text x="180" y="104" text-anchor="middle" class="r-label"&gt; R &lt;/text&gt;

      &lt;circle cx="200" cy="150" r="3" fill="black" /&gt;
      &lt;text x="180" y="154" text-anchor="middle" class="r-half-label"&gt; R/2 &lt;/text&gt;

      &lt;circle cx="200" cy="300" r="3" fill="black" /&gt;
      &lt;text x="180" y="254" text-anchor="middle" class="r-half-minus-label"&gt; -R/2 &lt;/text&gt;

      &lt;circle cx="200" cy="250" r="3" fill="black" /&gt;
      &lt;text x="180" y="304" text-anchor="middle" class="r-minus-label"&gt; -R &lt;/text&gt;

      &lt;text x="180" y="60" text-anchor="middle"&gt;Y&lt;/text&gt;

      &lt;!-- Hit point --&gt;

      &lt;circle cx="200" cy="200" r="3" fill="#FF0000" id="point" /&gt;

&lt;/svg&gt;
&lt;circle cx="300.0" cy="100.0" r="1.0" fill="#FF0000" id="point" /&gt;
</system-out></testsuite>