<?xml version="1.0" encoding="UTF-8" ?>
<testsuites>
  <testsuite aborted="0" failures="0" id="0" name="ResultManagerTest" package="com.example.weblab3.beans" skipped="0" tests="4" time="0.063" timestamp="2024-04-04T12:24:41">
    <properties>
[...]
</properties>
    <testcase classname="com.example.weblab3.beans.ResultManagerTest" name="testClearResults()" time="0.001" />
    <testcase classname="com.example.weblab3.beans.ResultManagerTest" name="testResultsListInitialized()" time="0.001" />
    <testcase classname="com.example.weblab3.beans.ResultManagerTest" name="testUpdateResultsWithSorting()" time="0.001" />
    <testcase classname="com.example.weblab3.beans.ResultManagerTest" name="testAddResults()" time="0.025" />
    <system-out>AreaCheckerBean{id=0, x=-1.0, y=1.0, r=1.0, status=false, requestTime=15:24:41 04.04.2024, scriptTime=1406041}
AreaCheckerBean{id=0, x=-2.0, y=1.0, r=1.0, status=false, requestTime=15:24:41 04.04.2024, scriptTime=8097791}
AreaCheckerBean{id=0, x=4.0, y=1.0, r=1.0, status=false, requestTime=15:24:41 04.04.2024, scriptTime=8204208}
</system-out>
    <system-err>Hibernate is not initialized: java.lang.NoClassDefFoundError: org/jboss/logging/BasicLogger
DAO error occurred: java.lang.ExceptionInInitializerError
Something went wrong when trying add new result to DB: java.sql.SQLException: java.lang.ExceptionInInitializerError
DAO error occurred: java.lang.NoClassDefFoundError: Could not initialize class com.example.weblab3.dbUtils.HibernateUtils
Something went wrong when trying add new result to DB: java.sql.SQLException: java.lang.NoClassDefFoundError: Could not initialize class com.example.weblab3.dbUtils.HibernateUtils
DAO error occurred: java.lang.NoClassDefFoundError: Could not initialize class com.example.weblab3.dbUtils.HibernateUtils
Something went wrong when trying add new result to DB: java.sql.SQLException: java.lang.NoClassDefFoundError: Could not initialize class com.example.weblab3.dbUtils.HibernateUtils
DAO error occurred: java.lang.NoClassDefFoundError: Could not initialize class com.example.weblab3.dbUtils.HibernateUtils
Something went wrong when trying add new result to DB: java.sql.SQLException: java.lang.NoClassDefFoundError: Could not initialize class com.example.weblab3.dbUtils.HibernateUtils
DAO error occurred: java.lang.NoClassDefFoundError: Could not initialize class com.example.weblab3.dbUtils.HibernateUtils
Something went wrong when trying add new result to DB: java.sql.SQLException: java.lang.NoClassDefFoundError: Could not initialize class com.example.weblab3.dbUtils.HibernateUtils
DAO error occurred: java.lang.NoClassDefFoundError: Could not initialize class com.example.weblab3.dbUtils.HibernateUtils
Something went wrong when trying add new result to DB: java.sql.SQLException: java.lang.NoClassDefFoundError: Could not initialize class com.example.weblab3.dbUtils.HibernateUtils
DAO error occurred: java.lang.NoClassDefFoundError: Could not initialize class com.example.weblab3.dbUtils.HibernateUtils
Something went wrong when trying add new result to DB: java.sql.SQLException: java.lang.NoClassDefFoundError: Could not initialize class com.example.weblab3.dbUtils.HibernateUtils
DAO error occurred: java.lang.NoClassDefFoundError: Could not initialize class com.example.weblab3.dbUtils.HibernateUtils
Something went wrong when trying add new result to DB: java.sql.SQLException: java.lang.NoClassDefFoundError: Could not initialize class com.example.weblab3.dbUtils.HibernateUtils
DAO error occurred: java.lang.NoClassDefFoundError: Could not initialize class com.example.weblab3.dbUtils.HibernateUtils
Something went wrong when trying add new result to DB: java.sql.SQLException: java.lang.NoClassDefFoundError: Could not initialize class com.example.weblab3.dbUtils.HibernateUtils
</system-err>
  </testsuite>
  <testsuite aborted="0" failures="0" id="1" name="SVGBeanTest" package="com.example.weblab3.beans" skipped="0" tests="3" time="0.003" timestamp="2024-04-04T12:24:41">
    <properties>
[...]
</properties>
    <testcase classname="com.example.weblab3.beans.SVGBeanTest" name="testSVGStringUpdatedAfterHit()" time="0.0" />
    <testcase classname="com.example.weblab3.beans.SVGBeanTest" name="testSVGStringInitialized()" time="0.001" />
    <testcase classname="com.example.weblab3.beans.SVGBeanTest" name="testSVGStringCanBeUpdated()" time="0.0" />
    <system-out>&lt;svg id=&quot;graphSVG&quot; xmlns:xlink=&quot;http://www.w3.org/1999/xlink&quot; xmlns=&quot;http://www.w3.org/2000/svg&quot; width=&quot;400&quot; height=&quot;400&quot;&gt;
      &lt;!-- Scopes --&gt;
      &lt;polygon class=&quot;figure&quot; points=&quot;200,200 200,150 300,200&quot; fill=&quot;#ADD8E6&quot; /&gt;
      &lt;rect class=&quot;figure&quot; x=&quot;200&quot; y=&quot;200&quot; width=&quot;100&quot; height=&quot;50&quot; fill=&quot;#ADD8E6&quot; /&gt;
      &lt;circle class=&quot;figure&quot; cx=&quot;200&quot; cy=&quot;200&quot; r=&quot;100&quot; fill=&quot;#ADD8E6&quot; mask=&quot;url(#mask)&quot; /&gt;
      &lt;mask id=&quot;mask&quot;&gt;
        &lt;rect x=&quot;0&quot; y=&quot;0&quot; width=&quot;200&quot; height=&quot;200&quot; fill=&quot;#FFFFFF&quot; /&gt;
      &lt;/mask&gt;

      &lt;!-- X-axis --&gt;
      &lt;line x1=&quot;50&quot; y1=&quot;200&quot; x2=&quot;350&quot; y2=&quot;200&quot; stroke=&quot;#000000&quot; stroke-width=&quot;2px&quot; /&gt;

      &lt;!-- Y-axis --&gt;
      &lt;line x1=&quot;200&quot; y1=&quot;50&quot; x2=&quot;200&quot; y2=&quot;350&quot; stroke=&quot;#000000&quot; stroke-width=&quot;2px&quot; /&gt;

      &lt;!-- X-axis arrow --&gt;
      &lt;polygon points=&quot;350,200 340,190 340,210&quot; fill=&quot;black&quot; /&gt;

      &lt;!-- Y-axis arrow --&gt;
      &lt;polygon points=&quot;200,50 190,60 210,60&quot; fill=&quot;black&quot; /&gt;

      &lt;!-- X-axis labels --&gt;
      &lt;circle cx=&quot;100&quot; cy=&quot;200&quot; r=&quot;3&quot; fill=&quot;black&quot; /&gt;

      &lt;text x=&quot;100&quot; y=&quot;220&quot; text-anchor=&quot;middle&quot; class=&quot;r-minus-label&quot;&gt; -R &lt;/text&gt;

      &lt;circle cx=&quot;150&quot; cy=&quot;200&quot; r=&quot;3&quot; fill=&quot;black&quot; /&gt;
      &lt;text x=&quot;150&quot; y=&quot;220&quot; text-anchor=&quot;middle&quot; class=&quot;r-half-minus-label&quot;&gt; -R/2 &lt;/text&gt;

      &lt;circle cx=&quot;250&quot; cy=&quot;200&quot; r=&quot;3&quot; fill=&quot;black&quot; /&gt;
      &lt;text x=&quot;250&quot; y=&quot;220&quot; text-anchor=&quot;middle&quot; class=&quot;r-half-label&quot;&gt; R/2 &lt;/text&gt;

      &lt;circle cx=&quot;300&quot; cy=&quot;200&quot; r=&quot;3&quot; fill=&quot;black&quot; /&gt;
      &lt;text x=&quot;300&quot; y=&quot;220&quot; text-anchor=&quot;middle&quot; class=&quot;r-label&quot;&gt; R &lt;/text&gt;

      &lt;text x=&quot;344&quot; y=&quot;230&quot; text-anchor=&quot;middle&quot;&gt;X&lt;/text&gt;

      &lt;!-- Y-axis labels --&gt;
      &lt;circle cx=&quot;200&quot; cy=&quot;100&quot; r=&quot;3&quot; fill=&quot;black&quot; /&gt;
      &lt;text x=&quot;180&quot; y=&quot;104&quot; text-anchor=&quot;middle&quot; class=&quot;r-label&quot;&gt; R &lt;/text&gt;

      &lt;circle cx=&quot;200&quot; cy=&quot;150&quot; r=&quot;3&quot; fill=&quot;black&quot; /&gt;
      &lt;text x=&quot;180&quot; y=&quot;154&quot; text-anchor=&quot;middle&quot; class=&quot;r-half-label&quot;&gt; R/2 &lt;/text&gt;

      &lt;circle cx=&quot;200&quot; cy=&quot;300&quot; r=&quot;3&quot; fill=&quot;black&quot; /&gt;
      &lt;text x=&quot;180&quot; y=&quot;254&quot; text-anchor=&quot;middle&quot; class=&quot;r-half-minus-label&quot;&gt; -R/2 &lt;/text&gt;

      &lt;circle cx=&quot;200&quot; cy=&quot;250&quot; r=&quot;3&quot; fill=&quot;black&quot; /&gt;
      &lt;text x=&quot;180&quot; y=&quot;304&quot; text-anchor=&quot;middle&quot; class=&quot;r-minus-label&quot;&gt; -R &lt;/text&gt;

      &lt;text x=&quot;180&quot; y=&quot;60&quot; text-anchor=&quot;middle&quot;&gt;Y&lt;/text&gt;

      &lt;!-- Hit point --&gt;

      &lt;circle cx=&quot;200&quot; cy=&quot;200&quot; r=&quot;3&quot; fill=&quot;#FF0000&quot; id=&quot;point&quot; /&gt;

&lt;/svg&gt;
&lt;circle cx=&quot;300.0&quot; cy=&quot;100.0&quot; r=&quot;1.0&quot; fill=&quot;#FF0000&quot; id=&quot;point&quot; /&gt;
</system-out>
  </testsuite>
  <testsuite aborted="0" failures="3" id="2" name="CheckAreaDAOImplTest" package="com.example.weblab3.dbUtils" skipped="0" tests="3" time="0.009" timestamp="2024-04-04T12:24:42">
    <properties>
[...]
</properties>
    <testcase classname="com.example.weblab3.dbUtils.CheckAreaDAOImplTest" name="testAddNewResult()" time="0.002">
      <failure message="Unexpected exception thrown: java.sql.SQLException: java.lang.NoClassDefFoundError: Could not initialize class com.example.weblab3.dbUtils.HibernateUtils" type="org.opentest4j.AssertionFailedError"><![CDATA[org.opentest4j.AssertionFailedError: Unexpected exception thrown: java.sql.SQLException: java.lang.NoClassDefFoundError: Could not initialize class com.example.weblab3.dbUtils.HibernateUtils
	at org.junit.jupiter.api.AssertionFailureBuilder.build(AssertionFailureBuilder.java:152)
	at org.junit.jupiter.api.AssertDoesNotThrow.createAssertionFailedError(AssertDoesNotThrow.java:84)
	at org.junit.jupiter.api.AssertDoesNotThrow.assertDoesNotThrow(AssertDoesNotThrow.java:53)
	at org.junit.jupiter.api.AssertDoesNotThrow.assertDoesNotThrow(AssertDoesNotThrow.java:36)
	at org.junit.jupiter.api.Assertions.assertDoesNotThrow(Assertions.java:3168)
	at com.example.weblab3.dbUtils.CheckAreaDAOImplTest.testAddNewResult(CheckAreaDAOImplTest.java:30)
	at java.base/java.lang.reflect.Method.invoke(Method.java:580)
	at java.base/java.util.ArrayList.forEach(ArrayList.java:1596)
	at java.base/java.util.ArrayList.forEach(ArrayList.java:1596)
Caused by: java.sql.SQLException: java.lang.NoClassDefFoundError: Could not initialize class com.example.weblab3.dbUtils.HibernateUtils
	at com.example.weblab3.dbUtils.CheckAreaDAOImpl.addNewResult(CheckAreaDAOImpl.java:24)
	at com.example.weblab3.dbUtils.CheckAreaDAOImplTest.lambda$testAddNewResult$0(CheckAreaDAOImplTest.java:30)
	at org.junit.jupiter.api.AssertDoesNotThrow.assertDoesNotThrow(AssertDoesNotThrow.java:49)
	... 6 more
Caused by: java.lang.NoClassDefFoundError: Could not initialize class com.example.weblab3.dbUtils.HibernateUtils
	at com.example.weblab3.dbUtils.CheckAreaDAOImpl.addNewResult(CheckAreaDAOImpl.java:18)
	... 8 more
Caused by: java.lang.ExceptionInInitializerError: Exception java.lang.ExceptionInInitializerError [in thread "main"]
	at com.example.weblab3.dbUtils.HibernateUtils.<clinit>(HibernateUtils.java:22)
	at com.example.weblab3.dbUtils.CheckAreaDAOImpl.getAllResults(CheckAreaDAOImpl.java:73)
	at com.example.weblab3.beans.ResultManager.<init>(ResultManager.java:23)
	at com.example.weblab3.beans.ResultManagerTest.testAddResults(ResultManagerTest.java:17)
	... 3 more
]]></failure>
    </testcase>
    <testcase classname="com.example.weblab3.dbUtils.CheckAreaDAOImplTest" name="testGetResultById()" time="0.001">
      <failure message="Unexpected exception thrown: java.sql.SQLException: java.lang.NoClassDefFoundError: Could not initialize class com.example.weblab3.dbUtils.HibernateUtils" type="org.opentest4j.AssertionFailedError"><![CDATA[org.opentest4j.AssertionFailedError: Unexpected exception thrown: java.sql.SQLException: java.lang.NoClassDefFoundError: Could not initialize class com.example.weblab3.dbUtils.HibernateUtils
	at org.junit.jupiter.api.AssertionFailureBuilder.build(AssertionFailureBuilder.java:152)
	at org.junit.jupiter.api.AssertDoesNotThrow.createAssertionFailedError(AssertDoesNotThrow.java:84)
	at org.junit.jupiter.api.AssertDoesNotThrow.assertDoesNotThrow(AssertDoesNotThrow.java:75)
	at org.junit.jupiter.api.AssertDoesNotThrow.assertDoesNotThrow(AssertDoesNotThrow.java:58)
	at org.junit.jupiter.api.Assertions.assertDoesNotThrow(Assertions.java:3228)
	at com.example.weblab3.dbUtils.CheckAreaDAOImplTest.testGetResultById(CheckAreaDAOImplTest.java:44)
	at java.base/java.lang.reflect.Method.invoke(Method.java:580)
	at java.base/java.util.ArrayList.forEach(ArrayList.java:1596)
	at java.base/java.util.ArrayList.forEach(ArrayList.java:1596)
Caused by: java.sql.SQLException: java.lang.NoClassDefFoundError: Could not initialize class com.example.weblab3.dbUtils.HibernateUtils
	at com.example.weblab3.dbUtils.CheckAreaDAOImpl.getResultById(CheckAreaDAOImpl.java:59)
	at com.example.weblab3.dbUtils.CheckAreaDAOImplTest.lambda$testGetResultById$1(CheckAreaDAOImplTest.java:44)
	at org.junit.jupiter.api.AssertDoesNotThrow.assertDoesNotThrow(AssertDoesNotThrow.java:71)
	... 6 more
Caused by: java.lang.NoClassDefFoundError: Could not initialize class com.example.weblab3.dbUtils.HibernateUtils
	at com.example.weblab3.dbUtils.CheckAreaDAOImpl.getResultById(CheckAreaDAOImpl.java:55)
	... 8 more
Caused by: java.lang.ExceptionInInitializerError: Exception java.lang.ExceptionInInitializerError [in thread "main"]
	at com.example.weblab3.dbUtils.HibernateUtils.<clinit>(HibernateUtils.java:22)
	at com.example.weblab3.dbUtils.CheckAreaDAOImpl.getAllResults(CheckAreaDAOImpl.java:73)
	at com.example.weblab3.beans.ResultManager.<init>(ResultManager.java:23)
	at com.example.weblab3.beans.ResultManagerTest.testAddResults(ResultManagerTest.java:17)
	... 3 more
]]></failure>
    </testcase>
    <testcase classname="com.example.weblab3.dbUtils.CheckAreaDAOImplTest" name="testGetAllResults()" time="0.004">
      <failure message="Unexpected exception thrown: java.sql.SQLException: java.lang.NoClassDefFoundError: Could not initialize class com.example.weblab3.dbUtils.HibernateUtils" type="org.opentest4j.AssertionFailedError"><![CDATA[org.opentest4j.AssertionFailedError: Unexpected exception thrown: java.sql.SQLException: java.lang.NoClassDefFoundError: Could not initialize class com.example.weblab3.dbUtils.HibernateUtils
	at org.junit.jupiter.api.AssertionFailureBuilder.build(AssertionFailureBuilder.java:152)
	at org.junit.jupiter.api.AssertDoesNotThrow.createAssertionFailedError(AssertDoesNotThrow.java:84)
	at org.junit.jupiter.api.AssertDoesNotThrow.assertDoesNotThrow(AssertDoesNotThrow.java:75)
	at org.junit.jupiter.api.AssertDoesNotThrow.assertDoesNotThrow(AssertDoesNotThrow.java:58)
	at org.junit.jupiter.api.Assertions.assertDoesNotThrow(Assertions.java:3228)
	at com.example.weblab3.dbUtils.CheckAreaDAOImplTest.testGetAllResults(CheckAreaDAOImplTest.java:49)
	at java.base/java.lang.reflect.Method.invoke(Method.java:580)
	at java.base/java.util.ArrayList.forEach(ArrayList.java:1596)
	at java.base/java.util.ArrayList.forEach(ArrayList.java:1596)
Caused by: java.sql.SQLException: java.lang.NoClassDefFoundError: Could not initialize class com.example.weblab3.dbUtils.HibernateUtils
	at com.example.weblab3.dbUtils.CheckAreaDAOImpl.getAllResults(CheckAreaDAOImpl.java:79)
	at com.example.weblab3.dbUtils.CheckAreaDAOImplTest.lambda$testGetAllResults$2(CheckAreaDAOImplTest.java:49)
	at org.junit.jupiter.api.AssertDoesNotThrow.assertDoesNotThrow(AssertDoesNotThrow.java:71)
	... 6 more
Caused by: java.lang.NoClassDefFoundError: Could not initialize class com.example.weblab3.dbUtils.HibernateUtils
	at com.example.weblab3.dbUtils.CheckAreaDAOImpl.getAllResults(CheckAreaDAOImpl.java:73)
	... 8 more
Caused by: java.lang.ExceptionInInitializerError: Exception java.lang.ExceptionInInitializerError [in thread "main"]
	at com.example.weblab3.dbUtils.HibernateUtils.<clinit>(HibernateUtils.java:22)
	at com.example.weblab3.dbUtils.CheckAreaDAOImpl.getAllResults(CheckAreaDAOImpl.java:73)
	at com.example.weblab3.beans.ResultManager.<init>(ResultManager.java:23)
	at com.example.weblab3.beans.ResultManagerTest.testAddResults(ResultManagerTest.java:17)
	... 3 more
]]></failure>
    </testcase>
    <system-err>DAO error occurred: java.lang.NoClassDefFoundError: Could not initialize class com.example.weblab3.dbUtils.HibernateUtils
DAO error occurred: java.lang.NoClassDefFoundError: Could not initialize class com.example.weblab3.dbUtils.HibernateUtils
DAO error occurred: java.lang.NoClassDefFoundError: Could not initialize class com.example.weblab3.dbUtils.HibernateUtils
</system-err>
  </testsuite>
  <testsuite aborted="0" failures="0" id="3" name="DAOFactoryTest" package="com.example.weblab3.dbUtils" skipped="0" tests="2" time="0.002" timestamp="2024-04-04T12:24:42">
    <properties>
[...]
</properties>
    <testcase classname="com.example.weblab3.dbUtils.DAOFactoryTest" name="testCheckAreaDAOInstanceInitialized()" time="0.0" />
    <testcase classname="com.example.weblab3.dbUtils.DAOFactoryTest" name="testDAOFactoryInstanceInitialized()" time="0.0" />
  </testsuite>
  <testsuite aborted="0" failures="2" id="4" name="HibernateUtilsTest" package="com.example.weblab3.dbUtils" skipped="0" tests="2" time="0.002" timestamp="2024-04-04T12:24:42">
    <properties>
[...]
</properties>
    <testcase classname="com.example.weblab3.dbUtils.HibernateUtilsTest" name="testSessionFactoryOpensSession()" time="0.001">
      <failure message="Could not initialize class com.example.weblab3.dbUtils.HibernateUtils" type="java.lang.NoClassDefFoundError"><![CDATA[java.lang.NoClassDefFoundError: Could not initialize class com.example.weblab3.dbUtils.HibernateUtils
	at com.example.weblab3.dbUtils.HibernateUtilsTest.testSessionFactoryOpensSession(HibernateUtilsTest.java:19)
	at java.base/java.lang.reflect.Method.invoke(Method.java:580)
	at java.base/java.util.ArrayList.forEach(ArrayList.java:1596)
	at java.base/java.util.ArrayList.forEach(ArrayList.java:1596)
Caused by: java.lang.ExceptionInInitializerError: Exception java.lang.ExceptionInInitializerError [in thread "main"]
	at com.example.weblab3.dbUtils.HibernateUtils.<clinit>(HibernateUtils.java:22)
	at com.example.weblab3.dbUtils.CheckAreaDAOImpl.getAllResults(CheckAreaDAOImpl.java:73)
	at com.example.weblab3.beans.ResultManager.<init>(ResultManager.java:23)
	at com.example.weblab3.beans.ResultManagerTest.testAddResults(ResultManagerTest.java:17)
	... 3 more
]]></failure>
    </testcase>
    <testcase classname="com.example.weblab3.dbUtils.HibernateUtilsTest" name="testSessionFactoryInitialized()" time="0.0">
      <failure message="Could not initialize class com.example.weblab3.dbUtils.HibernateUtils" type="java.lang.NoClassDefFoundError"><![CDATA[java.lang.NoClassDefFoundError: Could not initialize class com.example.weblab3.dbUtils.HibernateUtils
	at com.example.weblab3.dbUtils.HibernateUtilsTest.testSessionFactoryInitialized(HibernateUtilsTest.java:13)
	at java.base/java.lang.reflect.Method.invoke(Method.java:580)
	at java.base/java.util.ArrayList.forEach(ArrayList.java:1596)
	at java.base/java.util.ArrayList.forEach(ArrayList.java:1596)
Caused by: java.lang.ExceptionInInitializerError: Exception java.lang.ExceptionInInitializerError [in thread "main"]
	at com.example.weblab3.dbUtils.HibernateUtils.<clinit>(HibernateUtils.java:22)
	at com.example.weblab3.dbUtils.CheckAreaDAOImpl.getAllResults(CheckAreaDAOImpl.java:73)
	at com.example.weblab3.beans.ResultManager.<init>(ResultManager.java:23)
	at com.example.weblab3.beans.ResultManagerTest.testAddResults(ResultManagerTest.java:17)
	... 3 more
]]></failure>
    </testcase>
  </testsuite>
  <testsuite aborted="0" failures="0" id="5" name="AreaCheckerTest" package="com.example.weblab3.utils" skipped="0" tests="1" time="0.002" timestamp="2024-04-04T12:24:42">
    <properties>
[...]
</properties>
    <testcase classname="com.example.weblab3.utils.AreaCheckerTest" name="isHit()" time="0.001" />
  </testsuite>
</testsuites>
