<?xml version="1.0" ?><testsuite name="com.example.weblab3.dbUtils.HibernateUtilsTest" time="0.002" timestamp="2024-04-04T12:24:42" tests="2" failures="2" skipped="0" aborted="0"><properties>
[...]
</properties><testcase classname="com.example.weblab3.dbUtils.HibernateUtilsTest" name="testSessionFactoryOpensSession()" time="0.001"><failure message="Could not initialize class com.example.weblab3.dbUtils.HibernateUtils" type="java.lang.NoClassDefFoundError"><![CDATA[java.lang.NoClassDefFoundError: Could not initialize class com.example.weblab3.dbUtils.HibernateUtils
	at com.example.weblab3.dbUtils.HibernateUtilsTest.testSessionFactoryOpensSession(HibernateUtilsTest.java:19)
	at java.base/java.lang.reflect.Method.invoke(Method.java:580)
	at java.base/java.util.ArrayList.forEach(ArrayList.java:1596)
	at java.base/java.util.ArrayList.forEach(ArrayList.java:1596)
Caused by: java.lang.ExceptionInInitializerError: Exception java.lang.ExceptionInInitializerError [in thread "main"]
	at com.example.weblab3.dbUtils.HibernateUtils.<clinit>(HibernateUtils.java:22)
	at com.example.weblab3.dbUtils.CheckAreaDAOImpl.getAllResults(CheckAreaDAOImpl.java:73)
	at com.example.weblab3.beans.ResultManager.<init>(ResultManager.java:23)
	at com.example.weblab3.beans.ResultManagerTest.testAddResults(ResultManagerTest.java:17)
	... 3 more
]]></failure></testcase><testcase classname="com.example.weblab3.dbUtils.HibernateUtilsTest" name="testSessionFactoryInitialized()" time="0.0"><failure message="Could not initialize class com.example.weblab3.dbUtils.HibernateUtils" type="java.lang.NoClassDefFoundError"><![CDATA[java.lang.NoClassDefFoundError: Could not initialize class com.example.weblab3.dbUtils.HibernateUtils
	at com.example.weblab3.dbUtils.HibernateUtilsTest.testSessionFactoryInitialized(HibernateUtilsTest.java:13)
	at java.base/java.lang.reflect.Method.invoke(Method.java:580)
	at java.base/java.util.ArrayList.forEach(ArrayList.java:1596)
	at java.base/java.util.ArrayList.forEach(ArrayList.java:1596)
Caused by: java.lang.ExceptionInInitializerError: Exception java.lang.ExceptionInInitializerError [in thread "main"]
	at com.example.weblab3.dbUtils.HibernateUtils.<clinit>(HibernateUtils.java:22)
	at com.example.weblab3.dbUtils.CheckAreaDAOImpl.getAllResults(CheckAreaDAOImpl.java:73)
	at com.example.weblab3.beans.ResultManager.<init>(ResultManager.java:23)
	at com.example.weblab3.beans.ResultManagerTest.testAddResults(ResultManagerTest.java:17)
	... 3 more
]]></failure></testcase></testsuite>