Testcase: com.example.weblab3.dbUtils.HibernateUtilsTest
Test: testSessionFactoryOpensSession() took 1 milli sec(s) FAILED: Could not initialize class com.example.weblab3.dbUtils.HibernateUtils
java.lang.NoClassDefFoundError: Could not initialize class com.example.weblab3.dbUtils.HibernateUtils
	at com.example.weblab3.dbUtils.HibernateUtilsTest.testSessionFactoryOpensSession(HibernateUtilsTest.java:19)
	at java.base/java.lang.reflect.Method.invoke(Method.java:580)
	at java.base/java.util.ArrayList.forEach(ArrayList.java:1596)
	at java.base/java.util.ArrayList.forEach(ArrayList.java:1596)
Caused by: java.lang.ExceptionInInitializerError: Exception java.lang.ExceptionInInitializerError [in thread "main"]
	at com.example.weblab3.dbUtils.HibernateUtils.<clinit>(HibernateUtils.java:22)
	at com.example.weblab3.dbUtils.CheckAreaDAOImpl.getAllResults(CheckAreaDAOImpl.java:73)
	at com.example.weblab3.beans.ResultManager.<init>(ResultManager.java:23)
	at com.example.weblab3.beans.ResultManagerTest.testAddResults(ResultManagerTest.java:17)
	... 3 more

Test: testSessionFactoryInitialized() took 0 milli sec(s) FAILED: Could not initialize class com.example.weblab3.dbUtils.HibernateUtils
java.lang.NoClassDefFoundError: Could not initialize class com.example.weblab3.dbUtils.HibernateUtils
	at com.example.weblab3.dbUtils.HibernateUtilsTest.testSessionFactoryInitialized(HibernateUtilsTest.java:13)
	at java.base/java.lang.reflect.Method.invoke(Method.java:580)
	at java.base/java.util.ArrayList.forEach(ArrayList.java:1596)
	at java.base/java.util.ArrayList.forEach(ArrayList.java:1596)
Caused by: java.lang.ExceptionInInitializerError: Exception java.lang.ExceptionInInitializerError [in thread "main"]
	at com.example.weblab3.dbUtils.HibernateUtils.<clinit>(HibernateUtils.java:22)
	at com.example.weblab3.dbUtils.CheckAreaDAOImpl.getAllResults(CheckAreaDAOImpl.java:73)
	at com.example.weblab3.beans.ResultManager.<init>(ResultManager.java:23)
	at com.example.weblab3.beans.ResultManagerTest.testAddResults(ResultManagerTest.java:17)
	... 3 more

Tests run: 2, Failures: 2, Skipped: 0, Aborted: 0, Time elapsed: 2 milli sec(s)
